<?xml version="1.0" encoding="UTF-8"?>
<!-- Generated by org.testng.reporters.JUnitXMLReporter -->
<testsuite hostname="GANESH-PC" ignored="0" name="Default test" tests="6" failures="0" timestamp="08 Oct 2018 09:30:53 GMT" time="0.397" errors="0">
  <testcase name="@BeforeTest verifylaunchBrowser" time="0.0" classname="POM.PageLibrary.RanfordBank.TestExecution">
    <failure type="org.testng.TestNGException" message="
Parameter &amp;apos;browser&amp;apos; is required by BeforeTest on method verifylaunchBrowser but has not been marked @Optional or defined
in C:\Users\GANESH\AppData\Local\Temp\testng-eclipse-1754225755\testng-customsuite.xml">
      <![CDATA[org.testng.TestNGException: 
Parameter 'browser' is required by BeforeTest on method verifylaunchBrowser but has not been marked @Optional or defined
in C:\Users\GANESH\AppData\Local\Temp\testng-eclipse-1754225755\testng-customsuite.xml
	at org.testng.internal.Parameters.createParameters(Parameters.java:199)
	at org.testng.internal.Parameters.createParameters(Parameters.java:443)
	at org.testng.internal.Parameters.createConfigurationParameters(Parameters.java:118)
	at org.testng.internal.Invoker.invokeConfigurations(Invoker.java:206)
	at org.testng.internal.Invoker.invokeConfigurations(Invoker.java:146)
	at org.testng.TestRunner.beforeRun(TestRunner.java:626)
	at org.testng.TestRunner.run(TestRunner.java:594)
	at org.testng.SuiteRunner.runTest(SuiteRunner.java:380)
	at org.testng.SuiteRunner.runSequentially(SuiteRunner.java:375)
	at org.testng.SuiteRunner.privateRun(SuiteRunner.java:340)
	at org.testng.SuiteRunner.run(SuiteRunner.java:289)
	at org.testng.SuiteRunnerWorker.runSuite(SuiteRunnerWorker.java:52)
	at org.testng.SuiteRunnerWorker.run(SuiteRunnerWorker.java:86)
	at org.testng.TestNG.runSuitesSequentially(TestNG.java:1301)
	at org.testng.TestNG.runSuitesLocally(TestNG.java:1226)
	at org.testng.TestNG.runSuites(TestNG.java:1144)
	at org.testng.TestNG.run(TestNG.java:1115)
	at org.testng.remote.AbstractRemoteTestNG.run(AbstractRemoteTestNG.java:114)
	at org.testng.remote.RemoteTestNG.initAndRun(RemoteTestNG.java:251)
	at org.testng.remote.RemoteTestNG.main(RemoteTestNG.java:77)
]]>
    </failure>
  </testcase> <!-- @BeforeTest verifylaunchBrowser -->
  <testcase name="verify_login" time="0.0" classname="POM.PageLibrary.RanfordBank.TestExecution">
    <skipped/>
  </testcase> <!-- verify_login -->
  <testcase name="branchesButtonclick" time="0.0" classname="POM.PageLibrary.RanfordBank.TestExecution">
    <skipped/>
  </testcase> <!-- branchesButtonclick -->
  <testcase name="verify_branchDetails" time="0.0" classname="POM.PageLibrary.RanfordBank.TestExecution">
    <skipped/>
  </testcase> <!-- verify_branchDetails -->
  <testcase name="verify_branchDetails" time="0.0" classname="POM.PageLibrary.RanfordBank.TestExecution">
    <skipped/>
  </testcase> <!-- verify_branchDetails -->
  <testcase name="verify_branchDetails" time="0.0" classname="POM.PageLibrary.RanfordBank.TestExecution">
    <skipped/>
  </testcase> <!-- verify_branchDetails -->
  <testcase name="branch_search" time="0.0" classname="POM.PageLibrary.RanfordBank.TestExecution">
    <skipped/>
  </testcase> <!-- branch_search -->
</testsuite> <!-- Default test -->
